x.shape=(?, 88200)
conv_size_2_depth_0_h.shape=(?, 1, 88200, 128)
conv_size_2_depth_0_h_pool.shape=(?, 1, 44100, 128)
conv_size_2_depth_1_h.shape=(?, 1, 44100, 128)
conv_size_2_depth_1_h_pool.shape=(?, 1, 22050, 128)
conv_size_7_depth_2_h.shape=(?, 1, 22050, 128)
conv_size_7_depth_2_h_pool.shape=(?, 1, 7350, 128)
conv_size_3_depth_3_h.shape=(?, 1, 7350, 128)
conv_size_3_depth_3_h_pool.shape=(?, 1, 3675, 128)
conv_size_3_depth_4_h.shape=(?, 1, 3675, 128)
conv_size_3_depth_4_h_pool.shape=(?, 1, 1838, 128)
conv_size_2_depth_5_h.shape=(?, 1, 1838, 128)
conv_size_2_depth_5_h_pool.shape=(?, 1, 919, 128)
conv_size_3_depth_6_h.shape=(?, 1, 919, 128)
conv_size_3_depth_6_h_pool.shape=(?, 1, 460, 128)
conv_size_3_depth_7_h.shape=(?, 1, 460, 128)
conv_size_3_depth_7_h_pool.shape=(?, 1, 230, 128)
conv_size_2_depth_8_h.shape=(?, 1, 230, 128)
conv_size_2_depth_8_h_pool.shape=(?, 1, 115, 128)
conv_size_3_depth_9_h.shape=(?, 1, 115, 128)
conv_size_3_depth_9_h_pool.shape=(?, 1, 58, 128)
conv_size_2_depth_10_h.shape=(?, 1, 58, 128)
conv_size_2_depth_10_h_pool.shape=(?, 1, 29, 128)
conv_size_2_flatten.shape=(?, 3712)
Tensor("zeros:0", shape=(10, 1), dtype=float32)
Tensor("conv_size_2_flatten/Flatten/flatten/Reshape:0", shape=(?, 3712), dtype=float32)
Tensor("conv_size_2_concat/concat:0", shape=(10, 3713), dtype=float32)
concatanation_of_parallel_conv_layers.shape=(10, 3713)
(10, 3713)
W_fc1.shape=(3713, 1024)
b_fc1.shape=(1024,)
matmul_fc1.shape=(10, 1024)
batch_normalization_fc1.shape=(10, 1024)
h_fc1.shape=(10, 1024)
h_fc1_drop.shape=(10, 1024)
y_conv.shape=(10, 10)

